3.9164 	WARNING 	We strongly recommend you activate the PTB sound engine in PsychoPy prefs as the preferred audio engine. Its timing is vastly superior. Your prefs are currently set to use ['sounddevice', 'PTB', 'pyo', 'pygame'] (in that order).
18.6433 	EXP 	Created window1 = Window(allowGUI=True, allowStencil=False, autoLog=True, backendConf=UNKNOWN, bitsMode=UNKNOWN, blendMode='avg', bpc=(8, 8, 8), color=array([0, 0, 0]), colorSpace='rgb', depthBits=8, fullscr=<method-wrapper '__getattribute__' of attributeSetter object at 0x7fda06b8f880>, gamma=None, gammaErrorPolicy='raise', lms=UNKNOWN, monitor=<psychopy.monitors.calibTools.Monitor object at 0x7fda071aaca0>, multiSample=False, name='window1', numSamples=2, pos=(2590, 307), screen=0, size=array([3840, 2400]), stencilBits=0, stereo=False, units='height', useFBO=True, useRetina=True, viewOri=0.0, viewPos=None, viewScale=None, waitBlanking=True, winType='pyglet')
18.6474 	EXP 	window1: mouseVisible = True
18.6474 	EXP 	window1: Attempting to measure frame rate of screen (0) ...
18.6475 	EXP 	window1: recordFrameIntervals = False
18.8102 	EXP 	window1: recordFrameIntervals = True
18.9935 	EXP 	Screen (0) actual frame rate measured at 60.13Hz
18.9935 	EXP 	window1: recordFrameIntervals = False
19.0635 	WARNING 	launchHubServer: If using the iohub mouse or eyetracker devices, fullScr should be True.
28.2300 	EXP 	Created intro = TextStim(__class__=<class 'psychopy.visual.text.TextStim'>, alignHoriz=method-wrapper(...), alignText='center', alignVert=method-wrapper(...), anchorHoriz='center', anchorVert='center', antialias=True, autoDraw=False, autoLog=True, bold=False, color=array([1., 1., 1.]), colorSpace='rgb', contrast=1.0, depth=0.0, flipHoriz=False, flipVert=False, font='Open Sans', fontFiles=[], height=0.05, italic=False, languageStyle='LTR', name='intro', opacity=1.0, ori=0.0, pos=array([0., 0.]), rgb=UNKNOWN, text=str(...), units='height', win=Window(...), wrapWidth=1)
28.2475 	EXP 	Created text = TextStim(__class__=<class 'psychopy.visual.text.TextStim'>, alignHoriz=method-wrapper(...), alignText='center', alignVert=method-wrapper(...), anchorHoriz='center', anchorVert='center', antialias=True, autoDraw=False, autoLog=True, bold=False, color=array([1., 1., 1.]), colorSpace='rgb', contrast=1.0, depth=0.0, flipHoriz=False, flipVert=False, font='Open Sans', fontFiles=[], height=0.05, italic=False, languageStyle='LTR', name='text', opacity=1.0, ori=0.0, pos=array([0., 0.]), rgb=UNKNOWN, text=str(...), units='height', win=Window(...), wrapWidth=1)
28.2993 	EXP 	Sound sound_2 set volume 1.000
28.3052 	EXP 	Sound start_sound set volume 1.000
28.3274 	EXP 	Created text_2 = TextStim(__class__=<class 'psychopy.visual.text.TextStim'>, alignHoriz=method-wrapper(...), alignText='center', alignVert=method-wrapper(...), anchorHoriz='center', anchorVert='center', antialias=True, autoDraw=False, autoLog=True, bold=False, color=array([1., 1., 1.]), colorSpace='rgb', contrast=1.0, depth=-1.0, flipHoriz=False, flipVert=False, font='Open Sans', fontFiles=[], height=0.05, italic=False, languageStyle='LTR', name='text_2', opacity=1.0, ori=0.0, pos=array([0., 0.]), rgb=UNKNOWN, text=str(...), units='height', win=Window(...), wrapWidth=1)
28.3398 	EXP 	Created text = TextStim(__class__=<class 'psychopy.visual.text.TextStim'>, alignHoriz=method-wrapper(...), alignText='center', alignVert=method-wrapper(...), anchorHoriz='center', anchorVert='center', antialias=True, autoDraw=False, autoLog=True, bold=False, color=array([1., 1., 1.]), colorSpace='rgb', contrast=1.0, depth=0.0, flipHoriz=False, flipVert=False, font='Open Sans', fontFiles=[], height=0.05, italic=False, languageStyle='LTR', name='text', opacity=1.0, ori=0.0, pos=array([0., 0.]), rgb=UNKNOWN, text=str(...), units='height', win=Window(...), wrapWidth=1)
28.3443 	EXP 	Sound sound_2 set volume 1.000
28.3513 	EXP 	Sound start_sound_2 set volume 1.000
28.3661 	EXP 	Created text_3 = TextStim(__class__=<class 'psychopy.visual.text.TextStim'>, alignHoriz=method-wrapper(...), alignText='center', alignVert=method-wrapper(...), anchorHoriz='center', anchorVert='center', antialias=True, autoDraw=False, autoLog=True, bold=False, color=array([1., 1., 1.]), colorSpace='rgb', contrast=1.0, depth=-1.0, flipHoriz=False, flipVert=False, font='Open Sans', fontFiles=[], height=0.05, italic=False, languageStyle='LTR', name='text_3', opacity=1.0, ori=0.0, pos=array([0., 0.]), rgb=UNKNOWN, text=str(...), units='height', win=Window(...), wrapWidth=1)
28.3791 	EXP 	Created text = TextStim(__class__=<class 'psychopy.visual.text.TextStim'>, alignHoriz=method-wrapper(...), alignText='center', alignVert=method-wrapper(...), anchorHoriz='center', anchorVert='center', antialias=True, autoDraw=False, autoLog=True, bold=False, color=array([1., 1., 1.]), colorSpace='rgb', contrast=1.0, depth=0.0, flipHoriz=False, flipVert=False, font='Open Sans', fontFiles=[], height=0.05, italic=False, languageStyle='LTR', name='text', opacity=1.0, ori=0.0, pos=array([0., 0.]), rgb=UNKNOWN, text=str(...), units='height', win=Window(...), wrapWidth=1)
28.3833 	EXP 	Sound sound_2 set volume 1.000
28.4119 	EXP 	Created text_4 = TextStim(__class__=<class 'psychopy.visual.text.TextStim'>, alignHoriz=method-wrapper(...), alignText='center', alignVert=method-wrapper(...), anchorHoriz='center', anchorVert='center', antialias=True, autoDraw=False, autoLog=True, bold=False, color=array([1., 1., 1.]), colorSpace='rgb', contrast=1.0, depth=0.0, flipHoriz=False, flipVert=False, font='Open Sans', fontFiles=[], height=0.05, italic=False, languageStyle='LTR', name='text_4', opacity=1.0, ori=0.0, pos=array([0., 0.]), rgb=UNKNOWN, text=str(...), units='height', win=Window(...), wrapWidth=1)
28.4220 	EXP 	Sound sound_3 set volume 1.000
28.4365 	EXP 	Created text = TextStim(__class__=<class 'psychopy.visual.text.TextStim'>, alignHoriz=method-wrapper(...), alignText='center', alignVert=method-wrapper(...), anchorHoriz='center', anchorVert='center', antialias=True, autoDraw=False, autoLog=True, bold=False, color=array([1., 1., 1.]), colorSpace='rgb', contrast=1.0, depth=0.0, flipHoriz=False, flipVert=False, font='Open Sans', fontFiles=[], height=0.05, italic=False, languageStyle='LTR', name='text', opacity=1.0, ori=0.0, pos=array([0., 0.]), rgb=UNKNOWN, text=str(...), units='height', win=Window(...), wrapWidth=1)
28.4407 	EXP 	Sound sound_2 set volume 1.000
28.4572 	EXP 	Created text_5 = TextStim(__class__=<class 'psychopy.visual.text.TextStim'>, alignHoriz=method-wrapper(...), alignText='center', alignVert=method-wrapper(...), anchorHoriz='center', anchorVert='center', antialias=True, autoDraw=False, autoLog=True, bold=False, color=array([1., 1., 1.]), colorSpace='rgb', contrast=1.0, depth=0.0, flipHoriz=False, flipVert=False, font='Open Sans', fontFiles=[], height=0.05, italic=False, languageStyle='LTR', name='text_5', opacity=1.0, ori=0.0, pos=array([0., 0.]), rgb=UNKNOWN, text=str(...), units='height', win=Window(...), wrapWidth=1)
28.4676 	EXP 	Sound sound_4 set volume 1.000
28.4805 	EXP 	Created text = TextStim(__class__=<class 'psychopy.visual.text.TextStim'>, alignHoriz=method-wrapper(...), alignText='center', alignVert=method-wrapper(...), anchorHoriz='center', anchorVert='center', antialias=True, autoDraw=False, autoLog=True, bold=False, color=array([1., 1., 1.]), colorSpace='rgb', contrast=1.0, depth=0.0, flipHoriz=False, flipVert=False, font='Open Sans', fontFiles=[], height=0.05, italic=False, languageStyle='LTR', name='text', opacity=1.0, ori=0.0, pos=array([0., 0.]), rgb=UNKNOWN, text=str(...), units='height', win=Window(...), wrapWidth=1)
28.4847 	EXP 	Sound sound_2 set volume 1.000
28.5008 	EXP 	Created text_7 = TextStim(__class__=<class 'psychopy.visual.text.TextStim'>, alignHoriz=method-wrapper(...), alignText='center', alignVert=method-wrapper(...), anchorHoriz='center', anchorVert='center', antialias=True, autoDraw=False, autoLog=True, bold=False, color=array([1., 1., 1.]), colorSpace='rgb', contrast=1.0, depth=0.0, flipHoriz=False, flipVert=False, font='Open Sans', fontFiles=[], height=0.05, italic=False, languageStyle='LTR', name='text_7', opacity=1.0, ori=0.0, pos=array([0., 0.]), rgb=UNKNOWN, text=str(...), units='height', win=Window(...), wrapWidth=1)
28.5102 	EXP 	Sound sound_5 set volume 1.000
28.5244 	EXP 	Created text = TextStim(__class__=<class 'psychopy.visual.text.TextStim'>, alignHoriz=method-wrapper(...), alignText='center', alignVert=method-wrapper(...), anchorHoriz='center', anchorVert='center', antialias=True, autoDraw=False, autoLog=True, bold=False, color=array([1., 1., 1.]), colorSpace='rgb', contrast=1.0, depth=0.0, flipHoriz=False, flipVert=False, font='Open Sans', fontFiles=[], height=0.05, italic=False, languageStyle='LTR', name='text', opacity=1.0, ori=0.0, pos=array([0., 0.]), rgb=UNKNOWN, text=str(...), units='height', win=Window(...), wrapWidth=1)
28.5285 	EXP 	Sound sound_2 set volume 1.000
28.5454 	EXP 	Created text_6 = TextStim(__class__=<class 'psychopy.visual.text.TextStim'>, alignHoriz=method-wrapper(...), alignText='center', alignVert=method-wrapper(...), anchorHoriz='center', anchorVert='center', antialias=True, autoDraw=False, autoLog=True, bold=False, color=array([1., 1., 1.]), colorSpace='rgb', contrast=1.0, depth=0.0, flipHoriz=False, flipVert=False, font='Open Sans', fontFiles=[], height=0.05, italic=False, languageStyle='LTR', name='text_6', opacity=1.0, ori=0.0, pos=array([0., 0.]), rgb=UNKNOWN, text=str(...), units='height', win=Window(...), wrapWidth=1)
28.5551 	EXP 	Sound sound_6 set volume 1.000
28.5767 	EXP 	Sound sound_1 set volume 1.000
28.5921 	EXP 	Created text_8 = TextStim(__class__=<class 'psychopy.visual.text.TextStim'>, alignHoriz=method-wrapper(...), alignText='center', alignVert=method-wrapper(...), anchorHoriz='center', anchorVert='center', antialias=True, autoDraw=False, autoLog=True, bold=False, color=array([1., 1., 1.]), colorSpace='rgb', contrast=1.0, depth=-1.0, flipHoriz=False, flipVert=False, font='Open Sans', fontFiles=[], height=0.05, italic=False, languageStyle='LTR', name='text_8', opacity=1.0, ori=0.0, pos=array([0., 0.]), rgb=UNKNOWN, text="That's the end of the experiment. Thank you!", units='height', win=Window(...), wrapWidth=1)
28.6610 	EXP 	intro: autoDraw = True
286.3213 	DATA 	Mouse: Left button down, pos=(1040,111)
286.4046 	DATA 	Mouse:  Left button up, pos=(1040,110)
373.5659 	DATA 	Mouse: Left button down, pos=(907,255)
373.7112 	DATA 	Mouse:  Left button up, pos=(907,255)
388.6664 	EXP 	Created sequence: random, trialTypes=1, nReps=1, seed=None
388.6695 	EXP 	New trial (rep=0, index=0): None
388.7538 	DATA 	Keypress: space
388.7778 	EXP 	intro: autoDraw = False
388.7778 	EXP 	text: autoDraw = True
403.8058 	EXP 	text: autoDraw = False
403.8058 	EXP 	text: autoDraw = False
404.2953 	EXP 	text_2: autoDraw = True
450.5287 	DATA 	Keypress: function
494.3335 	EXP 	text_2: autoDraw = False
494.3335 	EXP 	text_2: autoDraw = False
494.3335 	EXP 	text: autoDraw = True
509.3683 	EXP 	text: autoDraw = False
509.3683 	EXP 	text: autoDraw = False
509.8666 	EXP 	text_3: autoDraw = True
599.9084 	EXP 	text_3: autoDraw = False
599.9084 	EXP 	text_3: autoDraw = False
599.9084 	EXP 	text: autoDraw = True
614.9578 	EXP 	text: autoDraw = False
614.9578 	EXP 	text: autoDraw = False
614.9578 	EXP 	text_4: autoDraw = True
705.0035 	EXP 	text_4: autoDraw = False
705.0035 	EXP 	text_4: autoDraw = False
705.0035 	EXP 	text: autoDraw = True
720.0930 	EXP 	text: autoDraw = False
720.0930 	EXP 	text: autoDraw = False
720.0930 	EXP 	text_5: autoDraw = True
810.1267 	EXP 	text_5: autoDraw = False
810.1267 	EXP 	text_5: autoDraw = False
810.1267 	EXP 	text: autoDraw = True
825.1736 	EXP 	text: autoDraw = False
825.1736 	EXP 	text: autoDraw = False
825.1736 	EXP 	text_7: autoDraw = True
915.2147 	EXP 	text_7: autoDraw = False
915.2147 	EXP 	text_7: autoDraw = False
915.2147 	EXP 	text: autoDraw = True
930.3156 	EXP 	text: autoDraw = False
930.3156 	EXP 	text: autoDraw = False
930.3156 	EXP 	text_6: autoDraw = True
1020.3992 	EXP 	text_6: autoDraw = False
1020.3992 	EXP 	text_6: autoDraw = False
1020.3992 	EXP 	text_8: autoDraw = True
1030.5844 	EXP 	text_8: autoDraw = False
1030.5844 	EXP 	text_8: autoDraw = False
1030.9454 	EXP 	window1: mouseVisible = True
