1.1282 	WARNING 	We strongly recommend you activate the PTB sound engine in PsychoPy prefs as the preferred audio engine. Its timing is vastly superior. Your prefs are currently set to use ['sounddevice', 'PTB', 'pyo', 'pygame'] (in that order).
12.8008 	EXP 	Created window1 = Window(allowGUI=True, allowStencil=False, autoLog=True, backendConf=UNKNOWN, bitsMode=UNKNOWN, blendMode='avg', bpc=(8, 8, 8), color=array([0, 0, 0]), colorSpace='rgb', depthBits=8, fullscr=<method-wrapper '__getattribute__' of attributeSetter object at 0x7ff97ae2b7c0>, gamma=None, gammaErrorPolicy='raise', lms=UNKNOWN, monitor=<psychopy.monitors.calibTools.Monitor object at 0x7ff97b06cb50>, multiSample=False, name='window1', numSamples=2, pos=(480, 300), screen=0, size=array([3840, 2400]), stencilBits=0, stereo=False, units='height', useFBO=True, useRetina=True, viewOri=0.0, viewPos=None, viewScale=None, waitBlanking=True, winType='pyglet')
12.8010 	EXP 	window1: mouseVisible = True
12.8010 	EXP 	window1: Attempting to measure frame rate of screen (0) ...
12.8011 	EXP 	window1: recordFrameIntervals = False
12.9668 	EXP 	window1: recordFrameIntervals = True
13.1502 	EXP 	Screen (0) actual frame rate measured at 60.16Hz
13.1502 	EXP 	window1: recordFrameIntervals = False
13.1838 	WARNING 	launchHubServer: If using the iohub mouse or eyetracker devices, fullScr should be True.
15.1394 	EXP 	Created intro = TextStim(__class__=<class 'psychopy.visual.text.TextStim'>, alignHoriz=method-wrapper(...), alignText='center', alignVert=method-wrapper(...), anchorHoriz='center', anchorVert='center', antialias=True, autoDraw=False, autoLog=True, bold=False, color=array([1., 1., 1.]), colorSpace='rgb', contrast=1.0, depth=0.0, flipHoriz=False, flipVert=False, font='Open Sans', fontFiles=[], height=0.05, italic=False, languageStyle='LTR', name='intro', opacity=1.0, ori=0.0, pos=array([0., 0.]), rgb=UNKNOWN, text=str(...), units='height', win=Window(...), wrapWidth=1)
15.1464 	EXP 	Created text = TextStim(__class__=<class 'psychopy.visual.text.TextStim'>, alignHoriz=method-wrapper(...), alignText='center', alignVert=method-wrapper(...), anchorHoriz='center', anchorVert='center', antialias=True, autoDraw=False, autoLog=True, bold=False, color=array([1., 1., 1.]), colorSpace='rgb', contrast=1.0, depth=0.0, flipHoriz=False, flipVert=False, font='Open Sans', fontFiles=[], height=0.05, italic=False, languageStyle='LTR', name='text', opacity=1.0, ori=0.0, pos=array([0., 0.]), rgb=UNKNOWN, text=str(...), units='height', win=Window(...), wrapWidth=1)
15.2015 	EXP 	Sound sound_2 set volume 1.000
15.2041 	EXP 	Sound start_sound set volume 1.000
15.2154 	EXP 	Created text_2 = TextStim(__class__=<class 'psychopy.visual.text.TextStim'>, alignHoriz=method-wrapper(...), alignText='center', alignVert=method-wrapper(...), anchorHoriz='center', anchorVert='center', antialias=True, autoDraw=False, autoLog=True, bold=False, color=array([1., 1., 1.]), colorSpace='rgb', contrast=1.0, depth=-1.0, flipHoriz=False, flipVert=False, font='Open Sans', fontFiles=[], height=0.05, italic=False, languageStyle='LTR', name='text_2', opacity=1.0, ori=0.0, pos=array([0., 0.]), rgb=UNKNOWN, text=str(...), units='height', win=Window(...), wrapWidth=1)
15.2155 	EXP 	Sound sound_8 set volume 1.000
15.2156 	EXP 	Sound sound_9 set volume 1.000
15.2156 	EXP 	Sound sound_10 set volume 1.000
15.2157 	EXP 	Sound sound_11 set volume 1.000
15.2157 	EXP 	Sound sound_12 set volume 1.000
15.2158 	EXP 	Sound sound_13 set volume 1.000
15.2159 	EXP 	Sound sound_14 set volume 1.000
15.2159 	EXP 	Sound sound_15 set volume 1.000
15.2160 	EXP 	Sound sound_16 set volume 1.000
15.2160 	EXP 	Sound sound_17 set volume 1.000
15.2227 	EXP 	Created text_9 = TextStim(__class__=<class 'psychopy.visual.text.TextStim'>, alignHoriz=method-wrapper(...), alignText='center', alignVert=method-wrapper(...), anchorHoriz='center', anchorVert='center', antialias=True, autoDraw=False, autoLog=True, bold=False, color=array([1., 1., 1.]), colorSpace='rgb', contrast=1.0, depth=-10.0, flipHoriz=False, flipVert=False, font='Open Sans', fontFiles=[], height=0.05, italic=False, languageStyle='LTR', name='text_9', opacity=1.0, ori=0.0, pos=array([0., 0.]), rgb=UNKNOWN, text='Please alternate hand signal after each beep.', units='height', win=Window(...), wrapWidth=1)
15.2287 	EXP 	Created text = TextStim(__class__=<class 'psychopy.visual.text.TextStim'>, alignHoriz=method-wrapper(...), alignText='center', alignVert=method-wrapper(...), anchorHoriz='center', anchorVert='center', antialias=True, autoDraw=False, autoLog=True, bold=False, color=array([1., 1., 1.]), colorSpace='rgb', contrast=1.0, depth=0.0, flipHoriz=False, flipVert=False, font='Open Sans', fontFiles=[], height=0.05, italic=False, languageStyle='LTR', name='text', opacity=1.0, ori=0.0, pos=array([0., 0.]), rgb=UNKNOWN, text=str(...), units='height', win=Window(...), wrapWidth=1)
15.2312 	EXP 	Sound sound_2 set volume 1.000
15.2344 	EXP 	Sound start_sound_2 set volume 1.000
15.2425 	EXP 	Created text_3 = TextStim(__class__=<class 'psychopy.visual.text.TextStim'>, alignHoriz=method-wrapper(...), alignText='center', alignVert=method-wrapper(...), anchorHoriz='center', anchorVert='center', antialias=True, autoDraw=False, autoLog=True, bold=False, color=array([1., 1., 1.]), colorSpace='rgb', contrast=1.0, depth=-1.0, flipHoriz=False, flipVert=False, font='Open Sans', fontFiles=[], height=0.05, italic=False, languageStyle='LTR', name='text_3', opacity=1.0, ori=0.0, pos=array([0., 0.]), rgb=UNKNOWN, text=str(...), units='height', win=Window(...), wrapWidth=1)
15.2426 	EXP 	Sound sound_7 set volume 1.000
15.2428 	EXP 	Sound sound_18 set volume 1.000
15.2429 	EXP 	Sound sound_19 set volume 1.000
15.2430 	EXP 	Sound sound_20 set volume 1.000
15.2431 	EXP 	Sound sound_21 set volume 1.000
15.2432 	EXP 	Sound sound_22 set volume 1.000
15.2433 	EXP 	Sound sound_23 set volume 1.000
15.2434 	EXP 	Sound sound_24 set volume 1.000
15.2435 	EXP 	Sound sound_26 set volume 1.000
15.2436 	EXP 	Sound sound_25 set volume 1.000
15.2438 	EXP 	Sound sound_27 set volume 1.000
15.2439 	EXP 	Sound sound_31 set volume 1.000
15.2440 	EXP 	Sound sound_32 set volume 1.000
15.2441 	EXP 	Sound sound_30 set volume 1.000
15.2442 	EXP 	Sound sound_35 set volume 1.000
15.2443 	EXP 	Sound sound_34 set volume 1.000
15.2445 	EXP 	Sound sound_33 set volume 1.000
15.2447 	EXP 	Sound sound_29 set volume 1.000
15.2448 	EXP 	Sound sound_28 set volume 1.000
15.2506 	EXP 	Created text_10 = TextStim(__class__=<class 'psychopy.visual.text.TextStim'>, alignHoriz=method-wrapper(...), alignText='center', alignVert=method-wrapper(...), anchorHoriz='center', anchorVert='center', antialias=True, autoDraw=False, autoLog=True, bold=False, color=array([1., 1., 1.]), colorSpace='rgb', contrast=1.0, depth=-19.0, flipHoriz=False, flipVert=False, font='Open Sans', fontFiles=[], height=0.05, italic=False, languageStyle='LTR', name='text_10', opacity=1.0, ori=0.0, pos=array([0., 0.]), rgb=UNKNOWN, text=str(...), units='height', win=Window(...), wrapWidth=1)
15.2558 	EXP 	Created text = TextStim(__class__=<class 'psychopy.visual.text.TextStim'>, alignHoriz=method-wrapper(...), alignText='center', alignVert=method-wrapper(...), anchorHoriz='center', anchorVert='center', antialias=True, autoDraw=False, autoLog=True, bold=False, color=array([1., 1., 1.]), colorSpace='rgb', contrast=1.0, depth=0.0, flipHoriz=False, flipVert=False, font='Open Sans', fontFiles=[], height=0.05, italic=False, languageStyle='LTR', name='text', opacity=1.0, ori=0.0, pos=array([0., 0.]), rgb=UNKNOWN, text=str(...), units='height', win=Window(...), wrapWidth=1)
15.2581 	EXP 	Sound sound_2 set volume 1.000
15.2679 	EXP 	Created text_4 = TextStim(__class__=<class 'psychopy.visual.text.TextStim'>, alignHoriz=method-wrapper(...), alignText='center', alignVert=method-wrapper(...), anchorHoriz='center', anchorVert='center', antialias=True, autoDraw=False, autoLog=True, bold=False, color=array([1., 1., 1.]), colorSpace='rgb', contrast=1.0, depth=0.0, flipHoriz=False, flipVert=False, font='Open Sans', fontFiles=[], height=0.05, italic=False, languageStyle='LTR', name='text_4', opacity=1.0, ori=0.0, pos=array([0., 0.]), rgb=UNKNOWN, text=str(...), units='height', win=Window(...), wrapWidth=1)
15.2717 	EXP 	Sound sound_3 set volume 1.000
15.2718 	EXP 	Sound sound_7 set volume 1.000
15.2719 	EXP 	Sound sound_18 set volume 1.000
15.2719 	EXP 	Sound sound_19 set volume 1.000
15.2721 	EXP 	Sound sound_20 set volume 1.000
15.2722 	EXP 	Sound sound_21 set volume 1.000
15.2722 	EXP 	Sound sound_22 set volume 1.000
15.2723 	EXP 	Sound sound_23 set volume 1.000
15.2725 	EXP 	Sound sound_24 set volume 1.000
15.2726 	EXP 	Sound sound_26 set volume 1.000
15.2727 	EXP 	Sound sound_25 set volume 1.000
15.2728 	EXP 	Sound sound_27 set volume 1.000
15.2728 	EXP 	Sound sound_31 set volume 1.000
15.2729 	EXP 	Sound sound_32 set volume 1.000
15.2730 	EXP 	Sound sound_30 set volume 1.000
15.2730 	EXP 	Sound sound_35 set volume 1.000
15.2731 	EXP 	Sound sound_34 set volume 1.000
15.2732 	EXP 	Sound sound_33 set volume 1.000
15.2733 	EXP 	Sound sound_29 set volume 1.000
15.2734 	EXP 	Sound sound_28 set volume 1.000
15.2784 	EXP 	Created text_10 = TextStim(__class__=<class 'psychopy.visual.text.TextStim'>, alignHoriz=method-wrapper(...), alignText='center', alignVert=method-wrapper(...), anchorHoriz='center', anchorVert='center', antialias=True, autoDraw=False, autoLog=True, bold=False, color=array([1., 1., 1.]), colorSpace='rgb', contrast=1.0, depth=-19.0, flipHoriz=False, flipVert=False, font='Open Sans', fontFiles=[], height=0.05, italic=False, languageStyle='LTR', name='text_10', opacity=1.0, ori=0.0, pos=array([0., 0.]), rgb=UNKNOWN, text=str(...), units='height', win=Window(...), wrapWidth=1)
15.2837 	EXP 	Created text = TextStim(__class__=<class 'psychopy.visual.text.TextStim'>, alignHoriz=method-wrapper(...), alignText='center', alignVert=method-wrapper(...), anchorHoriz='center', anchorVert='center', antialias=True, autoDraw=False, autoLog=True, bold=False, color=array([1., 1., 1.]), colorSpace='rgb', contrast=1.0, depth=0.0, flipHoriz=False, flipVert=False, font='Open Sans', fontFiles=[], height=0.05, italic=False, languageStyle='LTR', name='text', opacity=1.0, ori=0.0, pos=array([0., 0.]), rgb=UNKNOWN, text=str(...), units='height', win=Window(...), wrapWidth=1)
15.2856 	EXP 	Sound sound_2 set volume 1.000
15.2924 	EXP 	Created text_5 = TextStim(__class__=<class 'psychopy.visual.text.TextStim'>, alignHoriz=method-wrapper(...), alignText='center', alignVert=method-wrapper(...), anchorHoriz='center', anchorVert='center', antialias=True, autoDraw=False, autoLog=True, bold=False, color=array([1., 1., 1.]), colorSpace='rgb', contrast=1.0, depth=0.0, flipHoriz=False, flipVert=False, font='Open Sans', fontFiles=[], height=0.05, italic=False, languageStyle='LTR', name='text_5', opacity=1.0, ori=0.0, pos=array([0., 0.]), rgb=UNKNOWN, text=str(...), units='height', win=Window(...), wrapWidth=1)
15.2963 	EXP 	Sound sound_4 set volume 1.000
15.2964 	EXP 	Sound sound_7 set volume 1.000
15.2965 	EXP 	Sound sound_18 set volume 1.000
15.2965 	EXP 	Sound sound_19 set volume 1.000
15.2966 	EXP 	Sound sound_20 set volume 1.000
15.2967 	EXP 	Sound sound_21 set volume 1.000
15.2967 	EXP 	Sound sound_22 set volume 1.000
15.2968 	EXP 	Sound sound_23 set volume 1.000
15.2968 	EXP 	Sound sound_24 set volume 1.000
15.2969 	EXP 	Sound sound_26 set volume 1.000
15.2970 	EXP 	Sound sound_25 set volume 1.000
15.2971 	EXP 	Sound sound_27 set volume 1.000
15.2971 	EXP 	Sound sound_31 set volume 1.000
15.2972 	EXP 	Sound sound_32 set volume 1.000
15.2972 	EXP 	Sound sound_30 set volume 1.000
15.2973 	EXP 	Sound sound_35 set volume 1.000
15.2973 	EXP 	Sound sound_34 set volume 1.000
15.2974 	EXP 	Sound sound_33 set volume 1.000
15.2974 	EXP 	Sound sound_29 set volume 1.000
15.2975 	EXP 	Sound sound_28 set volume 1.000
15.3029 	EXP 	Created text_10 = TextStim(__class__=<class 'psychopy.visual.text.TextStim'>, alignHoriz=method-wrapper(...), alignText='center', alignVert=method-wrapper(...), anchorHoriz='center', anchorVert='center', antialias=True, autoDraw=False, autoLog=True, bold=False, color=array([1., 1., 1.]), colorSpace='rgb', contrast=1.0, depth=-19.0, flipHoriz=False, flipVert=False, font='Open Sans', fontFiles=[], height=0.05, italic=False, languageStyle='LTR', name='text_10', opacity=1.0, ori=0.0, pos=array([0., 0.]), rgb=UNKNOWN, text=str(...), units='height', win=Window(...), wrapWidth=1)
15.3080 	EXP 	Created text = TextStim(__class__=<class 'psychopy.visual.text.TextStim'>, alignHoriz=method-wrapper(...), alignText='center', alignVert=method-wrapper(...), anchorHoriz='center', anchorVert='center', antialias=True, autoDraw=False, autoLog=True, bold=False, color=array([1., 1., 1.]), colorSpace='rgb', contrast=1.0, depth=0.0, flipHoriz=False, flipVert=False, font='Open Sans', fontFiles=[], height=0.05, italic=False, languageStyle='LTR', name='text', opacity=1.0, ori=0.0, pos=array([0., 0.]), rgb=UNKNOWN, text=str(...), units='height', win=Window(...), wrapWidth=1)
15.3099 	EXP 	Sound sound_2 set volume 1.000
15.3164 	EXP 	Created text_7 = TextStim(__class__=<class 'psychopy.visual.text.TextStim'>, alignHoriz=method-wrapper(...), alignText='center', alignVert=method-wrapper(...), anchorHoriz='center', anchorVert='center', antialias=True, autoDraw=False, autoLog=True, bold=False, color=array([1., 1., 1.]), colorSpace='rgb', contrast=1.0, depth=0.0, flipHoriz=False, flipVert=False, font='Open Sans', fontFiles=[], height=0.05, italic=False, languageStyle='LTR', name='text_7', opacity=1.0, ori=0.0, pos=array([0., 0.]), rgb=UNKNOWN, text=str(...), units='height', win=Window(...), wrapWidth=1)
15.3193 	EXP 	Sound sound_5 set volume 1.000
15.3194 	EXP 	Sound sound_8 set volume 1.000
15.3195 	EXP 	Sound sound_9 set volume 1.000
15.3196 	EXP 	Sound sound_10 set volume 1.000
15.3196 	EXP 	Sound sound_11 set volume 1.000
15.3197 	EXP 	Sound sound_12 set volume 1.000
15.3197 	EXP 	Sound sound_13 set volume 1.000
15.3198 	EXP 	Sound sound_14 set volume 1.000
15.3199 	EXP 	Sound sound_15 set volume 1.000
15.3200 	EXP 	Sound sound_16 set volume 1.000
15.3200 	EXP 	Sound sound_17 set volume 1.000
15.3246 	EXP 	Created text_9 = TextStim(__class__=<class 'psychopy.visual.text.TextStim'>, alignHoriz=method-wrapper(...), alignText='center', alignVert=method-wrapper(...), anchorHoriz='center', anchorVert='center', antialias=True, autoDraw=False, autoLog=True, bold=False, color=array([1., 1., 1.]), colorSpace='rgb', contrast=1.0, depth=-10.0, flipHoriz=False, flipVert=False, font='Open Sans', fontFiles=[], height=0.05, italic=False, languageStyle='LTR', name='text_9', opacity=1.0, ori=0.0, pos=array([0., 0.]), rgb=UNKNOWN, text='Please alternate hand signal after each beep.', units='height', win=Window(...), wrapWidth=1)
15.3298 	EXP 	Created text = TextStim(__class__=<class 'psychopy.visual.text.TextStim'>, alignHoriz=method-wrapper(...), alignText='center', alignVert=method-wrapper(...), anchorHoriz='center', anchorVert='center', antialias=True, autoDraw=False, autoLog=True, bold=False, color=array([1., 1., 1.]), colorSpace='rgb', contrast=1.0, depth=0.0, flipHoriz=False, flipVert=False, font='Open Sans', fontFiles=[], height=0.05, italic=False, languageStyle='LTR', name='text', opacity=1.0, ori=0.0, pos=array([0., 0.]), rgb=UNKNOWN, text=str(...), units='height', win=Window(...), wrapWidth=1)
15.3317 	EXP 	Sound sound_2 set volume 1.000
15.3385 	EXP 	Created text_6 = TextStim(__class__=<class 'psychopy.visual.text.TextStim'>, alignHoriz=method-wrapper(...), alignText='center', alignVert=method-wrapper(...), anchorHoriz='center', anchorVert='center', antialias=True, autoDraw=False, autoLog=True, bold=False, color=array([1., 1., 1.]), colorSpace='rgb', contrast=1.0, depth=0.0, flipHoriz=False, flipVert=False, font='Open Sans', fontFiles=[], height=0.05, italic=False, languageStyle='LTR', name='text_6', opacity=1.0, ori=0.0, pos=array([0., 0.]), rgb=UNKNOWN, text=str(...), units='height', win=Window(...), wrapWidth=1)
15.3415 	EXP 	Sound sound_6 set volume 1.000
15.3415 	EXP 	Sound sound_8 set volume 1.000
15.3417 	EXP 	Sound sound_9 set volume 1.000
15.3418 	EXP 	Sound sound_10 set volume 1.000
15.3419 	EXP 	Sound sound_11 set volume 1.000
15.3419 	EXP 	Sound sound_12 set volume 1.000
15.3420 	EXP 	Sound sound_13 set volume 1.000
15.3420 	EXP 	Sound sound_14 set volume 1.000
15.3421 	EXP 	Sound sound_15 set volume 1.000
15.3421 	EXP 	Sound sound_16 set volume 1.000
15.3422 	EXP 	Sound sound_17 set volume 1.000
15.3468 	EXP 	Created text_9 = TextStim(__class__=<class 'psychopy.visual.text.TextStim'>, alignHoriz=method-wrapper(...), alignText='center', alignVert=method-wrapper(...), anchorHoriz='center', anchorVert='center', antialias=True, autoDraw=False, autoLog=True, bold=False, color=array([1., 1., 1.]), colorSpace='rgb', contrast=1.0, depth=-10.0, flipHoriz=False, flipVert=False, font='Open Sans', fontFiles=[], height=0.05, italic=False, languageStyle='LTR', name='text_9', opacity=1.0, ori=0.0, pos=array([0., 0.]), rgb=UNKNOWN, text='Please alternate hand signal after each beep.', units='height', win=Window(...), wrapWidth=1)
15.3536 	EXP 	Sound sound_1 set volume 1.000
15.3602 	EXP 	Created text_8 = TextStim(__class__=<class 'psychopy.visual.text.TextStim'>, alignHoriz=method-wrapper(...), alignText='center', alignVert=method-wrapper(...), anchorHoriz='center', anchorVert='center', antialias=True, autoDraw=False, autoLog=True, bold=False, color=array([1., 1., 1.]), colorSpace='rgb', contrast=1.0, depth=-1.0, flipHoriz=False, flipVert=False, font='Open Sans', fontFiles=[], height=0.05, italic=False, languageStyle='LTR', name='text_8', opacity=1.0, ori=0.0, pos=array([0., 0.]), rgb=UNKNOWN, text="That's the end of the experiment. Thank you!", units='height', win=Window(...), wrapWidth=1)
15.3913 	EXP 	intro: autoDraw = True
126.2470 	EXP 	Created sequence: random, trialTypes=1, nReps=1, seed=None
126.2483 	EXP 	New trial (rep=0, index=0): None
126.2798 	DATA 	Keypress: space
126.3093 	EXP 	intro: autoDraw = False
126.3093 	EXP 	text: autoDraw = True
141.7476 	EXP 	text: autoDraw = False
141.7476 	EXP 	text: autoDraw = False
141.7476 	EXP 	text_2: autoDraw = True
151.9211 	EXP 	text_2: autoDraw = False
151.9211 	EXP 	text_2: autoDraw = False
151.9211 	EXP 	text_9: autoDraw = True
241.9726 	EXP 	text_9: autoDraw = False
242.0322 	EXP 	text_9: autoDraw = False
242.0322 	EXP 	text: autoDraw = True
257.1876 	EXP 	text: autoDraw = False
257.1876 	EXP 	text: autoDraw = False
257.1876 	EXP 	text_3: autoDraw = True
267.2096 	EXP 	text_3: autoDraw = False
267.2096 	EXP 	text_3: autoDraw = False
267.2096 	EXP 	text_10: autoDraw = True
279.9339 	DATA 	Mouse: Left button down, pos=(423,853)
279.9854 	DATA 	Mouse:  Left button up, pos=(423,853)
295.4141 	DATA 	Mouse: Left button down, pos=(848,385)
295.4859 	DATA 	Mouse:  Left button up, pos=(848,385)
297.4133 	DATA 	Keypress: escape
298.5362 	EXP 	window1: mouseVisible = True
