1.9464 	WARNING 	We strongly recommend you activate the PTB sound engine in PsychoPy prefs as the preferred audio engine. Its timing is vastly superior. Your prefs are currently set to use ['sounddevice', 'PTB', 'pyo', 'pygame'] (in that order).
10.8281 	EXP 	Created window1 = Window(allowGUI=True, allowStencil=False, autoLog=True, backendConf=UNKNOWN, bitsMode=UNKNOWN, blendMode='avg', bpc=(8, 8, 8), color=array([0, 0, 0]), colorSpace='rgb', depthBits=8, fullscr=<method-wrapper '__getattribute__' of attributeSetter object at 0x7fdff5deb9a0>, gamma=None, gammaErrorPolicy='raise', lms=UNKNOWN, monitor=<psychopy.monitors.calibTools.Monitor object at 0x7fdff54ced60>, multiSample=False, name='window1', numSamples=2, pos=(480, 300), screen=0, size=array([3840, 2400]), stencilBits=0, stereo=False, units='height', useFBO=True, useRetina=True, viewOri=0.0, viewPos=None, viewScale=None, waitBlanking=True, winType='pyglet')
10.8282 	EXP 	window1: mouseVisible = True
10.8283 	EXP 	window1: Attempting to measure frame rate of screen (0) ...
10.8283 	EXP 	window1: recordFrameIntervals = False
10.9942 	EXP 	window1: recordFrameIntervals = True
11.3443 	EXP 	Screen (0) actual frame rate measured at 60.21Hz
11.3443 	EXP 	window1: recordFrameIntervals = False
11.3850 	WARNING 	launchHubServer: If using the iohub mouse or eyetracker devices, fullScr should be True.
13.9327 	EXP 	Created intro = TextStim(__class__=<class 'psychopy.visual.text.TextStim'>, alignHoriz=method-wrapper(...), alignText='center', alignVert=method-wrapper(...), anchorHoriz='center', anchorVert='center', antialias=True, autoDraw=False, autoLog=True, bold=False, color=array([1., 1., 1.]), colorSpace='rgb', contrast=1.0, depth=0.0, flipHoriz=False, flipVert=False, font='Open Sans', fontFiles=[], height=0.05, italic=False, languageStyle='LTR', name='intro', opacity=1.0, ori=0.0, pos=array([0., 0.]), rgb=UNKNOWN, text=str(...), units='height', win=Window(...), wrapWidth=1)
13.9417 	EXP 	Created text = TextStim(__class__=<class 'psychopy.visual.text.TextStim'>, alignHoriz=method-wrapper(...), alignText='center', alignVert=method-wrapper(...), anchorHoriz='center', anchorVert='center', antialias=True, autoDraw=False, autoLog=True, bold=False, color=array([1., 1., 1.]), colorSpace='rgb', contrast=1.0, depth=0.0, flipHoriz=False, flipVert=False, font='Open Sans', fontFiles=[], height=0.05, italic=False, languageStyle='LTR', name='text', opacity=1.0, ori=0.0, pos=array([0., 0.]), rgb=UNKNOWN, text=str(...), units='height', win=Window(...), wrapWidth=1)
14.0144 	EXP 	Sound sound_2 set volume 1.000
14.0194 	EXP 	Sound start_sound set volume 1.000
14.0313 	EXP 	Created text_2 = TextStim(__class__=<class 'psychopy.visual.text.TextStim'>, alignHoriz=method-wrapper(...), alignText='center', alignVert=method-wrapper(...), anchorHoriz='center', anchorVert='center', antialias=True, autoDraw=False, autoLog=True, bold=False, color=array([1., 1., 1.]), colorSpace='rgb', contrast=1.0, depth=-1.0, flipHoriz=False, flipVert=False, font='Open Sans', fontFiles=[], height=0.05, italic=False, languageStyle='LTR', name='text_2', opacity=1.0, ori=0.0, pos=array([0., 0.]), rgb=UNKNOWN, text=str(...), units='height', win=Window(...), wrapWidth=1)
14.0315 	EXP 	Sound sound_8 set volume 1.000
14.0316 	EXP 	Sound sound_9 set volume 1.000
14.0317 	EXP 	Sound sound_10 set volume 1.000
14.0317 	EXP 	Sound sound_11 set volume 1.000
14.0318 	EXP 	Sound sound_12 set volume 1.000
14.0319 	EXP 	Sound sound_13 set volume 1.000
14.0319 	EXP 	Sound sound_14 set volume 1.000
14.0320 	EXP 	Sound sound_15 set volume 1.000
14.0321 	EXP 	Sound sound_16 set volume 1.000
14.0321 	EXP 	Sound sound_17 set volume 1.000
14.0389 	EXP 	Created text_9 = TextStim(__class__=<class 'psychopy.visual.text.TextStim'>, alignHoriz=method-wrapper(...), alignText='center', alignVert=method-wrapper(...), anchorHoriz='center', anchorVert='center', antialias=True, autoDraw=False, autoLog=True, bold=False, color=array([1., 1., 1.]), colorSpace='rgb', contrast=1.0, depth=-10.0, flipHoriz=False, flipVert=False, font='Open Sans', fontFiles=[], height=0.05, italic=False, languageStyle='LTR', name='text_9', opacity=1.0, ori=0.0, pos=array([0., 0.]), rgb=UNKNOWN, text='Please alternate hand signal after each beep.', units='height', win=Window(...), wrapWidth=1)
14.0451 	EXP 	Created text = TextStim(__class__=<class 'psychopy.visual.text.TextStim'>, alignHoriz=method-wrapper(...), alignText='center', alignVert=method-wrapper(...), anchorHoriz='center', anchorVert='center', antialias=True, autoDraw=False, autoLog=True, bold=False, color=array([1., 1., 1.]), colorSpace='rgb', contrast=1.0, depth=0.0, flipHoriz=False, flipVert=False, font='Open Sans', fontFiles=[], height=0.05, italic=False, languageStyle='LTR', name='text', opacity=1.0, ori=0.0, pos=array([0., 0.]), rgb=UNKNOWN, text=str(...), units='height', win=Window(...), wrapWidth=1)
14.0471 	EXP 	Sound sound_2 set volume 1.000
14.0513 	EXP 	Sound start_sound_2 set volume 1.000
14.0578 	EXP 	Created text_3 = TextStim(__class__=<class 'psychopy.visual.text.TextStim'>, alignHoriz=method-wrapper(...), alignText='center', alignVert=method-wrapper(...), anchorHoriz='center', anchorVert='center', antialias=True, autoDraw=False, autoLog=True, bold=False, color=array([1., 1., 1.]), colorSpace='rgb', contrast=1.0, depth=-1.0, flipHoriz=False, flipVert=False, font='Open Sans', fontFiles=[], height=0.05, italic=False, languageStyle='LTR', name='text_3', opacity=1.0, ori=0.0, pos=array([0., 0.]), rgb=UNKNOWN, text=str(...), units='height', win=Window(...), wrapWidth=1)
14.0579 	EXP 	Sound sound_7 set volume 1.000
14.0580 	EXP 	Sound sound_18 set volume 1.000
14.0581 	EXP 	Sound sound_19 set volume 1.000
14.0582 	EXP 	Sound sound_20 set volume 1.000
14.0583 	EXP 	Sound sound_21 set volume 1.000
14.0585 	EXP 	Sound sound_22 set volume 1.000
14.0585 	EXP 	Sound sound_23 set volume 1.000
14.0586 	EXP 	Sound sound_24 set volume 1.000
14.0586 	EXP 	Sound sound_26 set volume 1.000
14.0587 	EXP 	Sound sound_25 set volume 1.000
14.0587 	EXP 	Sound sound_27 set volume 1.000
14.0588 	EXP 	Sound sound_31 set volume 1.000
14.0588 	EXP 	Sound sound_32 set volume 1.000
14.0589 	EXP 	Sound sound_30 set volume 1.000
14.0589 	EXP 	Sound sound_35 set volume 1.000
14.0590 	EXP 	Sound sound_34 set volume 1.000
14.0590 	EXP 	Sound sound_33 set volume 1.000
14.0591 	EXP 	Sound sound_29 set volume 1.000
14.0592 	EXP 	Sound sound_28 set volume 1.000
14.0649 	EXP 	Created text_10 = TextStim(__class__=<class 'psychopy.visual.text.TextStim'>, alignHoriz=method-wrapper(...), alignText='center', alignVert=method-wrapper(...), anchorHoriz='center', anchorVert='center', antialias=True, autoDraw=False, autoLog=True, bold=False, color=array([1., 1., 1.]), colorSpace='rgb', contrast=1.0, depth=-19.0, flipHoriz=False, flipVert=False, font='Open Sans', fontFiles=[], height=0.05, italic=False, languageStyle='LTR', name='text_10', opacity=1.0, ori=0.0, pos=array([0., 0.]), rgb=UNKNOWN, text=str(...), units='height', win=Window(...), wrapWidth=1)
14.0713 	EXP 	Created text = TextStim(__class__=<class 'psychopy.visual.text.TextStim'>, alignHoriz=method-wrapper(...), alignText='center', alignVert=method-wrapper(...), anchorHoriz='center', anchorVert='center', antialias=True, autoDraw=False, autoLog=True, bold=False, color=array([1., 1., 1.]), colorSpace='rgb', contrast=1.0, depth=0.0, flipHoriz=False, flipVert=False, font='Open Sans', fontFiles=[], height=0.05, italic=False, languageStyle='LTR', name='text', opacity=1.0, ori=0.0, pos=array([0., 0.]), rgb=UNKNOWN, text=str(...), units='height', win=Window(...), wrapWidth=1)
14.0740 	EXP 	Sound sound_2 set volume 1.000
14.0851 	EXP 	Created text_4 = TextStim(__class__=<class 'psychopy.visual.text.TextStim'>, alignHoriz=method-wrapper(...), alignText='center', alignVert=method-wrapper(...), anchorHoriz='center', anchorVert='center', antialias=True, autoDraw=False, autoLog=True, bold=False, color=array([1., 1., 1.]), colorSpace='rgb', contrast=1.0, depth=0.0, flipHoriz=False, flipVert=False, font='Open Sans', fontFiles=[], height=0.05, italic=False, languageStyle='LTR', name='text_4', opacity=1.0, ori=0.0, pos=array([0., 0.]), rgb=UNKNOWN, text=str(...), units='height', win=Window(...), wrapWidth=1)
14.0916 	EXP 	Sound sound_3 set volume 1.000
14.0918 	EXP 	Sound sound_7 set volume 1.000
14.0919 	EXP 	Sound sound_18 set volume 1.000
14.0920 	EXP 	Sound sound_19 set volume 1.000
14.0921 	EXP 	Sound sound_20 set volume 1.000
14.0921 	EXP 	Sound sound_21 set volume 1.000
14.0922 	EXP 	Sound sound_22 set volume 1.000
14.0922 	EXP 	Sound sound_23 set volume 1.000
14.0922 	EXP 	Sound sound_24 set volume 1.000
14.0923 	EXP 	Sound sound_26 set volume 1.000
14.0923 	EXP 	Sound sound_25 set volume 1.000
14.0924 	EXP 	Sound sound_27 set volume 1.000
14.0924 	EXP 	Sound sound_31 set volume 1.000
14.0925 	EXP 	Sound sound_32 set volume 1.000
14.0925 	EXP 	Sound sound_30 set volume 1.000
14.0926 	EXP 	Sound sound_35 set volume 1.000
14.0926 	EXP 	Sound sound_34 set volume 1.000
14.0927 	EXP 	Sound sound_33 set volume 1.000
14.0927 	EXP 	Sound sound_29 set volume 1.000
14.0928 	EXP 	Sound sound_28 set volume 1.000
14.0982 	EXP 	Created text_10 = TextStim(__class__=<class 'psychopy.visual.text.TextStim'>, alignHoriz=method-wrapper(...), alignText='center', alignVert=method-wrapper(...), anchorHoriz='center', anchorVert='center', antialias=True, autoDraw=False, autoLog=True, bold=False, color=array([1., 1., 1.]), colorSpace='rgb', contrast=1.0, depth=-19.0, flipHoriz=False, flipVert=False, font='Open Sans', fontFiles=[], height=0.05, italic=False, languageStyle='LTR', name='text_10', opacity=1.0, ori=0.0, pos=array([0., 0.]), rgb=UNKNOWN, text=str(...), units='height', win=Window(...), wrapWidth=1)
14.1043 	EXP 	Created text = TextStim(__class__=<class 'psychopy.visual.text.TextStim'>, alignHoriz=method-wrapper(...), alignText='center', alignVert=method-wrapper(...), anchorHoriz='center', anchorVert='center', antialias=True, autoDraw=False, autoLog=True, bold=False, color=array([1., 1., 1.]), colorSpace='rgb', contrast=1.0, depth=0.0, flipHoriz=False, flipVert=False, font='Open Sans', fontFiles=[], height=0.05, italic=False, languageStyle='LTR', name='text', opacity=1.0, ori=0.0, pos=array([0., 0.]), rgb=UNKNOWN, text=str(...), units='height', win=Window(...), wrapWidth=1)
14.1066 	EXP 	Sound sound_2 set volume 1.000
14.1147 	EXP 	Created text_5 = TextStim(__class__=<class 'psychopy.visual.text.TextStim'>, alignHoriz=method-wrapper(...), alignText='center', alignVert=method-wrapper(...), anchorHoriz='center', anchorVert='center', antialias=True, autoDraw=False, autoLog=True, bold=False, color=array([1., 1., 1.]), colorSpace='rgb', contrast=1.0, depth=0.0, flipHoriz=False, flipVert=False, font='Open Sans', fontFiles=[], height=0.05, italic=False, languageStyle='LTR', name='text_5', opacity=1.0, ori=0.0, pos=array([0., 0.]), rgb=UNKNOWN, text=str(...), units='height', win=Window(...), wrapWidth=1)
14.1206 	EXP 	Sound sound_4 set volume 1.000
14.1207 	EXP 	Sound sound_7 set volume 1.000
14.1208 	EXP 	Sound sound_18 set volume 1.000
14.1209 	EXP 	Sound sound_19 set volume 1.000
14.1209 	EXP 	Sound sound_20 set volume 1.000
14.1210 	EXP 	Sound sound_21 set volume 1.000
14.1210 	EXP 	Sound sound_22 set volume 1.000
14.1211 	EXP 	Sound sound_23 set volume 1.000
14.1212 	EXP 	Sound sound_24 set volume 1.000
14.1212 	EXP 	Sound sound_26 set volume 1.000
14.1213 	EXP 	Sound sound_25 set volume 1.000
14.1214 	EXP 	Sound sound_27 set volume 1.000
14.1216 	EXP 	Sound sound_31 set volume 1.000
14.1217 	EXP 	Sound sound_32 set volume 1.000
14.1218 	EXP 	Sound sound_30 set volume 1.000
14.1218 	EXP 	Sound sound_35 set volume 1.000
14.1219 	EXP 	Sound sound_34 set volume 1.000
14.1219 	EXP 	Sound sound_33 set volume 1.000
14.1219 	EXP 	Sound sound_29 set volume 1.000
14.1220 	EXP 	Sound sound_28 set volume 1.000
14.1275 	EXP 	Created text_10 = TextStim(__class__=<class 'psychopy.visual.text.TextStim'>, alignHoriz=method-wrapper(...), alignText='center', alignVert=method-wrapper(...), anchorHoriz='center', anchorVert='center', antialias=True, autoDraw=False, autoLog=True, bold=False, color=array([1., 1., 1.]), colorSpace='rgb', contrast=1.0, depth=-19.0, flipHoriz=False, flipVert=False, font='Open Sans', fontFiles=[], height=0.05, italic=False, languageStyle='LTR', name='text_10', opacity=1.0, ori=0.0, pos=array([0., 0.]), rgb=UNKNOWN, text=str(...), units='height', win=Window(...), wrapWidth=1)
14.1340 	EXP 	Created text = TextStim(__class__=<class 'psychopy.visual.text.TextStim'>, alignHoriz=method-wrapper(...), alignText='center', alignVert=method-wrapper(...), anchorHoriz='center', anchorVert='center', antialias=True, autoDraw=False, autoLog=True, bold=False, color=array([1., 1., 1.]), colorSpace='rgb', contrast=1.0, depth=0.0, flipHoriz=False, flipVert=False, font='Open Sans', fontFiles=[], height=0.05, italic=False, languageStyle='LTR', name='text', opacity=1.0, ori=0.0, pos=array([0., 0.]), rgb=UNKNOWN, text=str(...), units='height', win=Window(...), wrapWidth=1)
14.1362 	EXP 	Sound sound_2 set volume 1.000
14.1437 	EXP 	Created text_7 = TextStim(__class__=<class 'psychopy.visual.text.TextStim'>, alignHoriz=method-wrapper(...), alignText='center', alignVert=method-wrapper(...), anchorHoriz='center', anchorVert='center', antialias=True, autoDraw=False, autoLog=True, bold=False, color=array([1., 1., 1.]), colorSpace='rgb', contrast=1.0, depth=0.0, flipHoriz=False, flipVert=False, font='Open Sans', fontFiles=[], height=0.05, italic=False, languageStyle='LTR', name='text_7', opacity=1.0, ori=0.0, pos=array([0., 0.]), rgb=UNKNOWN, text=str(...), units='height', win=Window(...), wrapWidth=1)
14.1492 	EXP 	Sound sound_5 set volume 1.000
14.1495 	EXP 	Sound sound_8 set volume 1.000
14.1495 	EXP 	Sound sound_9 set volume 1.000
14.1496 	EXP 	Sound sound_10 set volume 1.000
14.1496 	EXP 	Sound sound_11 set volume 1.000
14.1497 	EXP 	Sound sound_12 set volume 1.000
14.1498 	EXP 	Sound sound_13 set volume 1.000
14.1499 	EXP 	Sound sound_14 set volume 1.000
14.1499 	EXP 	Sound sound_15 set volume 1.000
14.1500 	EXP 	Sound sound_16 set volume 1.000
14.1500 	EXP 	Sound sound_17 set volume 1.000
14.1570 	EXP 	Created text_9 = TextStim(__class__=<class 'psychopy.visual.text.TextStim'>, alignHoriz=method-wrapper(...), alignText='center', alignVert=method-wrapper(...), anchorHoriz='center', anchorVert='center', antialias=True, autoDraw=False, autoLog=True, bold=False, color=array([1., 1., 1.]), colorSpace='rgb', contrast=1.0, depth=-10.0, flipHoriz=False, flipVert=False, font='Open Sans', fontFiles=[], height=0.05, italic=False, languageStyle='LTR', name='text_9', opacity=1.0, ori=0.0, pos=array([0., 0.]), rgb=UNKNOWN, text='Please alternate hand signal after each beep.', units='height', win=Window(...), wrapWidth=1)
14.1652 	EXP 	Created text = TextStim(__class__=<class 'psychopy.visual.text.TextStim'>, alignHoriz=method-wrapper(...), alignText='center', alignVert=method-wrapper(...), anchorHoriz='center', anchorVert='center', antialias=True, autoDraw=False, autoLog=True, bold=False, color=array([1., 1., 1.]), colorSpace='rgb', contrast=1.0, depth=0.0, flipHoriz=False, flipVert=False, font='Open Sans', fontFiles=[], height=0.05, italic=False, languageStyle='LTR', name='text', opacity=1.0, ori=0.0, pos=array([0., 0.]), rgb=UNKNOWN, text=str(...), units='height', win=Window(...), wrapWidth=1)
14.1679 	EXP 	Sound sound_2 set volume 1.000
14.1780 	EXP 	Created text_6 = TextStim(__class__=<class 'psychopy.visual.text.TextStim'>, alignHoriz=method-wrapper(...), alignText='center', alignVert=method-wrapper(...), anchorHoriz='center', anchorVert='center', antialias=True, autoDraw=False, autoLog=True, bold=False, color=array([1., 1., 1.]), colorSpace='rgb', contrast=1.0, depth=0.0, flipHoriz=False, flipVert=False, font='Open Sans', fontFiles=[], height=0.05, italic=False, languageStyle='LTR', name='text_6', opacity=1.0, ori=0.0, pos=array([0., 0.]), rgb=UNKNOWN, text=str(...), units='height', win=Window(...), wrapWidth=1)
14.1837 	EXP 	Sound sound_6 set volume 1.000
14.1839 	EXP 	Sound sound_8 set volume 1.000
14.1839 	EXP 	Sound sound_9 set volume 1.000
14.1840 	EXP 	Sound sound_10 set volume 1.000
14.1841 	EXP 	Sound sound_11 set volume 1.000
14.1842 	EXP 	Sound sound_12 set volume 1.000
14.1843 	EXP 	Sound sound_13 set volume 1.000
14.1844 	EXP 	Sound sound_14 set volume 1.000
14.1844 	EXP 	Sound sound_15 set volume 1.000
14.1846 	EXP 	Sound sound_16 set volume 1.000
14.1847 	EXP 	Sound sound_17 set volume 1.000
14.1916 	EXP 	Created text_9 = TextStim(__class__=<class 'psychopy.visual.text.TextStim'>, alignHoriz=method-wrapper(...), alignText='center', alignVert=method-wrapper(...), anchorHoriz='center', anchorVert='center', antialias=True, autoDraw=False, autoLog=True, bold=False, color=array([1., 1., 1.]), colorSpace='rgb', contrast=1.0, depth=-10.0, flipHoriz=False, flipVert=False, font='Open Sans', fontFiles=[], height=0.05, italic=False, languageStyle='LTR', name='text_9', opacity=1.0, ori=0.0, pos=array([0., 0.]), rgb=UNKNOWN, text='Please alternate hand signal after each beep.', units='height', win=Window(...), wrapWidth=1)
14.2030 	EXP 	Sound sound_1 set volume 1.000
14.2123 	EXP 	Created text_8 = TextStim(__class__=<class 'psychopy.visual.text.TextStim'>, alignHoriz=method-wrapper(...), alignText='center', alignVert=method-wrapper(...), anchorHoriz='center', anchorVert='center', antialias=True, autoDraw=False, autoLog=True, bold=False, color=array([1., 1., 1.]), colorSpace='rgb', contrast=1.0, depth=-1.0, flipHoriz=False, flipVert=False, font='Open Sans', fontFiles=[], height=0.05, italic=False, languageStyle='LTR', name='text_8', opacity=1.0, ori=0.0, pos=array([0., 0.]), rgb=UNKNOWN, text="That's the end of the experiment. Thank you!", units='height', win=Window(...), wrapWidth=1)
14.2600 	EXP 	intro: autoDraw = True
35.7402 	EXP 	Created sequence: random, trialTypes=1, nReps=1, seed=None
35.7406 	EXP 	New trial (rep=0, index=0): None
35.7478 	DATA 	Keypress: space
35.7561 	EXP 	intro: autoDraw = False
35.7561 	EXP 	text: autoDraw = True
50.7627 	EXP 	text: autoDraw = False
50.7627 	EXP 	text: autoDraw = False
50.7627 	EXP 	text_2: autoDraw = True
51.4135 	DATA 	Keypress: escape
52.2804 	EXP 	window1: mouseVisible = True
