3.9247 	WARNING 	We strongly recommend you activate the PTB sound engine in PsychoPy prefs as the preferred audio engine. Its timing is vastly superior. Your prefs are currently set to use ['sounddevice', 'PTB', 'pyo', 'pygame'] (in that order).
15.8046 	EXP 	Created window1 = Window(allowGUI=True, allowStencil=False, autoLog=True, backendConf=UNKNOWN, bitsMode=UNKNOWN, blendMode='avg', bpc=(8, 8, 8), color=array([0, 0, 0]), colorSpace='rgb', depthBits=8, fullscr=<method-wrapper '__getattribute__' of attributeSetter object at 0x7fbcb04db7f0>, gamma=None, gammaErrorPolicy='raise', lms=UNKNOWN, monitor=<psychopy.monitors.calibTools.Monitor object at 0x7fbcaf451c40>, multiSample=False, name='window1', numSamples=2, pos=(480, 300), screen=0, size=array([3840, 2400]), stencilBits=0, stereo=False, units='height', useFBO=True, useRetina=True, viewOri=0.0, viewPos=None, viewScale=None, waitBlanking=True, winType='pyglet')
15.8051 	EXP 	window1: mouseVisible = True
15.8051 	EXP 	window1: Attempting to measure frame rate of screen (0) ...
15.8052 	EXP 	window1: recordFrameIntervals = False
15.9706 	EXP 	window1: recordFrameIntervals = True
16.3286 	WARNING 	t of last frame was 25.09ms (=1/39)
16.7548 	EXP 	Screen (0) actual frame rate measured at 59.67Hz
16.7549 	EXP 	window1: recordFrameIntervals = False
16.8355 	WARNING 	launchHubServer: If using the iohub mouse or eyetracker devices, fullScr should be True.
21.9990 	EXP 	Created intro = TextStim(__class__=<class 'psychopy.visual.text.TextStim'>, alignHoriz=method-wrapper(...), alignText='center', alignVert=method-wrapper(...), anchorHoriz='center', anchorVert='center', antialias=True, autoDraw=False, autoLog=True, bold=False, color=array([1., 1., 1.]), colorSpace='rgb', contrast=1.0, depth=0.0, flipHoriz=False, flipVert=False, font='Open Sans', fontFiles=[], height=0.05, italic=False, languageStyle='LTR', name='intro', opacity=1.0, ori=0.0, pos=array([0., 0.]), rgb=UNKNOWN, text=str(...), units='height', win=Window(...), wrapWidth=1)
22.0178 	EXP 	Created text = TextStim(__class__=<class 'psychopy.visual.text.TextStim'>, alignHoriz=method-wrapper(...), alignText='center', alignVert=method-wrapper(...), anchorHoriz='center', anchorVert='center', antialias=True, autoDraw=False, autoLog=True, bold=False, color=array([1., 1., 1.]), colorSpace='rgb', contrast=1.0, depth=0.0, flipHoriz=False, flipVert=False, font='Open Sans', fontFiles=[], height=0.05, italic=False, languageStyle='LTR', name='text', opacity=1.0, ori=0.0, pos=array([0., 0.]), rgb=UNKNOWN, text=str(...), units='height', win=Window(...), wrapWidth=1)
22.0688 	EXP 	Sound sound_2 set volume 1.000
22.0757 	EXP 	Sound start_sound set volume 1.000
22.1025 	EXP 	Created text_2 = TextStim(__class__=<class 'psychopy.visual.text.TextStim'>, alignHoriz=method-wrapper(...), alignText='center', alignVert=method-wrapper(...), anchorHoriz='center', anchorVert='center', antialias=True, autoDraw=False, autoLog=True, bold=False, color=array([1., 1., 1.]), colorSpace='rgb', contrast=1.0, depth=-1.0, flipHoriz=False, flipVert=False, font='Open Sans', fontFiles=[], height=0.05, italic=False, languageStyle='LTR', name='text_2', opacity=1.0, ori=0.0, pos=array([0., 0.]), rgb=UNKNOWN, text=str(...), units='height', win=Window(...), wrapWidth=1)
22.1030 	EXP 	Sound sound_8 set volume 1.000
22.1033 	EXP 	Sound sound_9 set volume 1.000
22.1035 	EXP 	Sound sound_10 set volume 1.000
22.1037 	EXP 	Sound sound_11 set volume 1.000
22.1039 	EXP 	Sound sound_12 set volume 1.000
22.1040 	EXP 	Sound sound_13 set volume 1.000
22.1042 	EXP 	Sound sound_14 set volume 1.000
22.1044 	EXP 	Sound sound_15 set volume 1.000
22.1048 	EXP 	Sound sound_16 set volume 1.000
22.1050 	EXP 	Sound sound_17 set volume 1.000
22.1215 	EXP 	Created text_9 = TextStim(__class__=<class 'psychopy.visual.text.TextStim'>, alignHoriz=method-wrapper(...), alignText='center', alignVert=method-wrapper(...), anchorHoriz='center', anchorVert='center', antialias=True, autoDraw=False, autoLog=True, bold=False, color=array([1., 1., 1.]), colorSpace='rgb', contrast=1.0, depth=-10.0, flipHoriz=False, flipVert=False, font='Open Sans', fontFiles=[], height=0.05, italic=False, languageStyle='LTR', name='text_9', opacity=1.0, ori=0.0, pos=array([0., 0.]), rgb=UNKNOWN, text='Please alternate hand signal after each beep.', units='height', win=Window(...), wrapWidth=1)
22.1338 	EXP 	Created text = TextStim(__class__=<class 'psychopy.visual.text.TextStim'>, alignHoriz=method-wrapper(...), alignText='center', alignVert=method-wrapper(...), anchorHoriz='center', anchorVert='center', antialias=True, autoDraw=False, autoLog=True, bold=False, color=array([1., 1., 1.]), colorSpace='rgb', contrast=1.0, depth=0.0, flipHoriz=False, flipVert=False, font='Open Sans', fontFiles=[], height=0.05, italic=False, languageStyle='LTR', name='text', opacity=1.0, ori=0.0, pos=array([0., 0.]), rgb=UNKNOWN, text=str(...), units='height', win=Window(...), wrapWidth=1)
22.1383 	EXP 	Sound sound_2 set volume 1.000
22.1454 	EXP 	Sound start_sound_2 set volume 1.000
22.1606 	EXP 	Created text_3 = TextStim(__class__=<class 'psychopy.visual.text.TextStim'>, alignHoriz=method-wrapper(...), alignText='center', alignVert=method-wrapper(...), anchorHoriz='center', anchorVert='center', antialias=True, autoDraw=False, autoLog=True, bold=False, color=array([1., 1., 1.]), colorSpace='rgb', contrast=1.0, depth=-1.0, flipHoriz=False, flipVert=False, font='Open Sans', fontFiles=[], height=0.05, italic=False, languageStyle='LTR', name='text_3', opacity=1.0, ori=0.0, pos=array([0., 0.]), rgb=UNKNOWN, text=str(...), units='height', win=Window(...), wrapWidth=1)
22.1609 	EXP 	Sound sound_7 set volume 1.000
22.1610 	EXP 	Sound sound_18 set volume 1.000
22.1612 	EXP 	Sound sound_19 set volume 1.000
22.1613 	EXP 	Sound sound_20 set volume 1.000
22.1614 	EXP 	Sound sound_21 set volume 1.000
22.1615 	EXP 	Sound sound_22 set volume 1.000
22.1617 	EXP 	Sound sound_23 set volume 1.000
22.1618 	EXP 	Sound sound_24 set volume 1.000
22.1619 	EXP 	Sound sound_26 set volume 1.000
22.1621 	EXP 	Sound sound_25 set volume 1.000
22.1622 	EXP 	Sound sound_27 set volume 1.000
22.1623 	EXP 	Sound sound_31 set volume 1.000
22.1624 	EXP 	Sound sound_32 set volume 1.000
22.1626 	EXP 	Sound sound_30 set volume 1.000
22.1627 	EXP 	Sound sound_35 set volume 1.000
22.1628 	EXP 	Sound sound_34 set volume 1.000
22.1630 	EXP 	Sound sound_33 set volume 1.000
22.1631 	EXP 	Sound sound_29 set volume 1.000
22.1632 	EXP 	Sound sound_28 set volume 1.000
22.1751 	EXP 	Created text_10 = TextStim(__class__=<class 'psychopy.visual.text.TextStim'>, alignHoriz=method-wrapper(...), alignText='center', alignVert=method-wrapper(...), anchorHoriz='center', anchorVert='center', antialias=True, autoDraw=False, autoLog=True, bold=False, color=array([1., 1., 1.]), colorSpace='rgb', contrast=1.0, depth=-19.0, flipHoriz=False, flipVert=False, font='Open Sans', fontFiles=[], height=0.05, italic=False, languageStyle='LTR', name='text_10', opacity=1.0, ori=0.0, pos=array([0., 0.]), rgb=UNKNOWN, text=str(...), units='height', win=Window(...), wrapWidth=1)
22.1886 	EXP 	Created text = TextStim(__class__=<class 'psychopy.visual.text.TextStim'>, alignHoriz=method-wrapper(...), alignText='center', alignVert=method-wrapper(...), anchorHoriz='center', anchorVert='center', antialias=True, autoDraw=False, autoLog=True, bold=False, color=array([1., 1., 1.]), colorSpace='rgb', contrast=1.0, depth=0.0, flipHoriz=False, flipVert=False, font='Open Sans', fontFiles=[], height=0.05, italic=False, languageStyle='LTR', name='text', opacity=1.0, ori=0.0, pos=array([0., 0.]), rgb=UNKNOWN, text=str(...), units='height', win=Window(...), wrapWidth=1)
22.1933 	EXP 	Sound sound_2 set volume 1.000
22.2177 	EXP 	Created text_4 = TextStim(__class__=<class 'psychopy.visual.text.TextStim'>, alignHoriz=method-wrapper(...), alignText='center', alignVert=method-wrapper(...), anchorHoriz='center', anchorVert='center', antialias=True, autoDraw=False, autoLog=True, bold=False, color=array([1., 1., 1.]), colorSpace='rgb', contrast=1.0, depth=0.0, flipHoriz=False, flipVert=False, font='Open Sans', fontFiles=[], height=0.05, italic=False, languageStyle='LTR', name='text_4', opacity=1.0, ori=0.0, pos=array([0., 0.]), rgb=UNKNOWN, text=str(...), units='height', win=Window(...), wrapWidth=1)
22.2277 	EXP 	Sound sound_3 set volume 1.000
22.2280 	EXP 	Sound sound_7 set volume 1.000
22.2282 	EXP 	Sound sound_18 set volume 1.000
22.2283 	EXP 	Sound sound_19 set volume 1.000
22.2284 	EXP 	Sound sound_20 set volume 1.000
22.2286 	EXP 	Sound sound_21 set volume 1.000
22.2287 	EXP 	Sound sound_22 set volume 1.000
22.2293 	EXP 	Sound sound_23 set volume 1.000
22.2295 	EXP 	Sound sound_24 set volume 1.000
22.2296 	EXP 	Sound sound_26 set volume 1.000
22.2301 	EXP 	Sound sound_25 set volume 1.000
22.2304 	EXP 	Sound sound_27 set volume 1.000
22.2306 	EXP 	Sound sound_31 set volume 1.000
22.2307 	EXP 	Sound sound_32 set volume 1.000
22.2308 	EXP 	Sound sound_30 set volume 1.000
22.2310 	EXP 	Sound sound_35 set volume 1.000
22.2311 	EXP 	Sound sound_34 set volume 1.000
22.2312 	EXP 	Sound sound_33 set volume 1.000
22.2314 	EXP 	Sound sound_29 set volume 1.000
22.2315 	EXP 	Sound sound_28 set volume 1.000
22.2455 	EXP 	Created text_10 = TextStim(__class__=<class 'psychopy.visual.text.TextStim'>, alignHoriz=method-wrapper(...), alignText='center', alignVert=method-wrapper(...), anchorHoriz='center', anchorVert='center', antialias=True, autoDraw=False, autoLog=True, bold=False, color=array([1., 1., 1.]), colorSpace='rgb', contrast=1.0, depth=-19.0, flipHoriz=False, flipVert=False, font='Open Sans', fontFiles=[], height=0.05, italic=False, languageStyle='LTR', name='text_10', opacity=1.0, ori=0.0, pos=array([0., 0.]), rgb=UNKNOWN, text=str(...), units='height', win=Window(...), wrapWidth=1)
22.2617 	EXP 	Created text = TextStim(__class__=<class 'psychopy.visual.text.TextStim'>, alignHoriz=method-wrapper(...), alignText='center', alignVert=method-wrapper(...), anchorHoriz='center', anchorVert='center', antialias=True, autoDraw=False, autoLog=True, bold=False, color=array([1., 1., 1.]), colorSpace='rgb', contrast=1.0, depth=0.0, flipHoriz=False, flipVert=False, font='Open Sans', fontFiles=[], height=0.05, italic=False, languageStyle='LTR', name='text', opacity=1.0, ori=0.0, pos=array([0., 0.]), rgb=UNKNOWN, text=str(...), units='height', win=Window(...), wrapWidth=1)
22.2664 	EXP 	Sound sound_2 set volume 1.000
22.2855 	EXP 	Created text_5 = TextStim(__class__=<class 'psychopy.visual.text.TextStim'>, alignHoriz=method-wrapper(...), alignText='center', alignVert=method-wrapper(...), anchorHoriz='center', anchorVert='center', antialias=True, autoDraw=False, autoLog=True, bold=False, color=array([1., 1., 1.]), colorSpace='rgb', contrast=1.0, depth=0.0, flipHoriz=False, flipVert=False, font='Open Sans', fontFiles=[], height=0.05, italic=False, languageStyle='LTR', name='text_5', opacity=1.0, ori=0.0, pos=array([0., 0.]), rgb=UNKNOWN, text=str(...), units='height', win=Window(...), wrapWidth=1)
22.2962 	EXP 	Sound sound_4 set volume 1.000
22.2965 	EXP 	Sound sound_7 set volume 1.000
22.2966 	EXP 	Sound sound_18 set volume 1.000
22.2968 	EXP 	Sound sound_19 set volume 1.000
22.2970 	EXP 	Sound sound_20 set volume 1.000
22.2971 	EXP 	Sound sound_21 set volume 1.000
22.2972 	EXP 	Sound sound_22 set volume 1.000
22.2974 	EXP 	Sound sound_23 set volume 1.000
22.2976 	EXP 	Sound sound_24 set volume 1.000
22.2977 	EXP 	Sound sound_26 set volume 1.000
22.2979 	EXP 	Sound sound_25 set volume 1.000
22.2980 	EXP 	Sound sound_27 set volume 1.000
22.2982 	EXP 	Sound sound_31 set volume 1.000
22.2983 	EXP 	Sound sound_32 set volume 1.000
22.2985 	EXP 	Sound sound_30 set volume 1.000
22.2986 	EXP 	Sound sound_35 set volume 1.000
22.2987 	EXP 	Sound sound_34 set volume 1.000
22.2989 	EXP 	Sound sound_33 set volume 1.000
22.2990 	EXP 	Sound sound_29 set volume 1.000
22.2992 	EXP 	Sound sound_28 set volume 1.000
22.3128 	EXP 	Created text_10 = TextStim(__class__=<class 'psychopy.visual.text.TextStim'>, alignHoriz=method-wrapper(...), alignText='center', alignVert=method-wrapper(...), anchorHoriz='center', anchorVert='center', antialias=True, autoDraw=False, autoLog=True, bold=False, color=array([1., 1., 1.]), colorSpace='rgb', contrast=1.0, depth=-19.0, flipHoriz=False, flipVert=False, font='Open Sans', fontFiles=[], height=0.05, italic=False, languageStyle='LTR', name='text_10', opacity=1.0, ori=0.0, pos=array([0., 0.]), rgb=UNKNOWN, text=str(...), units='height', win=Window(...), wrapWidth=1)
22.3327 	EXP 	Created text = TextStim(__class__=<class 'psychopy.visual.text.TextStim'>, alignHoriz=method-wrapper(...), alignText='center', alignVert=method-wrapper(...), anchorHoriz='center', anchorVert='center', antialias=True, autoDraw=False, autoLog=True, bold=False, color=array([1., 1., 1.]), colorSpace='rgb', contrast=1.0, depth=0.0, flipHoriz=False, flipVert=False, font='Open Sans', fontFiles=[], height=0.05, italic=False, languageStyle='LTR', name='text', opacity=1.0, ori=0.0, pos=array([0., 0.]), rgb=UNKNOWN, text=str(...), units='height', win=Window(...), wrapWidth=1)
22.3376 	EXP 	Sound sound_2 set volume 1.000
22.3578 	EXP 	Created text_7 = TextStim(__class__=<class 'psychopy.visual.text.TextStim'>, alignHoriz=method-wrapper(...), alignText='center', alignVert=method-wrapper(...), anchorHoriz='center', anchorVert='center', antialias=True, autoDraw=False, autoLog=True, bold=False, color=array([1., 1., 1.]), colorSpace='rgb', contrast=1.0, depth=0.0, flipHoriz=False, flipVert=False, font='Open Sans', fontFiles=[], height=0.05, italic=False, languageStyle='LTR', name='text_7', opacity=1.0, ori=0.0, pos=array([0., 0.]), rgb=UNKNOWN, text=str(...), units='height', win=Window(...), wrapWidth=1)
22.3679 	EXP 	Sound sound_5 set volume 1.000
22.3682 	EXP 	Sound sound_8 set volume 1.000
22.3683 	EXP 	Sound sound_9 set volume 1.000
22.3685 	EXP 	Sound sound_10 set volume 1.000
22.3686 	EXP 	Sound sound_11 set volume 1.000
22.3688 	EXP 	Sound sound_12 set volume 1.000
22.3689 	EXP 	Sound sound_13 set volume 1.000
22.3691 	EXP 	Sound sound_14 set volume 1.000
22.3692 	EXP 	Sound sound_15 set volume 1.000
22.3693 	EXP 	Sound sound_16 set volume 1.000
22.3695 	EXP 	Sound sound_17 set volume 1.000
22.3803 	EXP 	Created text_9 = TextStim(__class__=<class 'psychopy.visual.text.TextStim'>, alignHoriz=method-wrapper(...), alignText='center', alignVert=method-wrapper(...), anchorHoriz='center', anchorVert='center', antialias=True, autoDraw=False, autoLog=True, bold=False, color=array([1., 1., 1.]), colorSpace='rgb', contrast=1.0, depth=-10.0, flipHoriz=False, flipVert=False, font='Open Sans', fontFiles=[], height=0.05, italic=False, languageStyle='LTR', name='text_9', opacity=1.0, ori=0.0, pos=array([0., 0.]), rgb=UNKNOWN, text='Please alternate hand signal after each beep.', units='height', win=Window(...), wrapWidth=1)
22.3945 	EXP 	Created text = TextStim(__class__=<class 'psychopy.visual.text.TextStim'>, alignHoriz=method-wrapper(...), alignText='center', alignVert=method-wrapper(...), anchorHoriz='center', anchorVert='center', antialias=True, autoDraw=False, autoLog=True, bold=False, color=array([1., 1., 1.]), colorSpace='rgb', contrast=1.0, depth=0.0, flipHoriz=False, flipVert=False, font='Open Sans', fontFiles=[], height=0.05, italic=False, languageStyle='LTR', name='text', opacity=1.0, ori=0.0, pos=array([0., 0.]), rgb=UNKNOWN, text=str(...), units='height', win=Window(...), wrapWidth=1)
22.3989 	EXP 	Sound sound_2 set volume 1.000
22.4221 	EXP 	Created text_6 = TextStim(__class__=<class 'psychopy.visual.text.TextStim'>, alignHoriz=method-wrapper(...), alignText='center', alignVert=method-wrapper(...), anchorHoriz='center', anchorVert='center', antialias=True, autoDraw=False, autoLog=True, bold=False, color=array([1., 1., 1.]), colorSpace='rgb', contrast=1.0, depth=0.0, flipHoriz=False, flipVert=False, font='Open Sans', fontFiles=[], height=0.05, italic=False, languageStyle='LTR', name='text_6', opacity=1.0, ori=0.0, pos=array([0., 0.]), rgb=UNKNOWN, text=str(...), units='height', win=Window(...), wrapWidth=1)
22.4321 	EXP 	Sound sound_6 set volume 1.000
22.4325 	EXP 	Sound sound_8 set volume 1.000
22.4326 	EXP 	Sound sound_9 set volume 1.000
22.4328 	EXP 	Sound sound_10 set volume 1.000
22.4329 	EXP 	Sound sound_11 set volume 1.000
22.4330 	EXP 	Sound sound_12 set volume 1.000
22.4332 	EXP 	Sound sound_13 set volume 1.000
22.4333 	EXP 	Sound sound_14 set volume 1.000
22.4334 	EXP 	Sound sound_15 set volume 1.000
22.4335 	EXP 	Sound sound_16 set volume 1.000
22.4337 	EXP 	Sound sound_17 set volume 1.000
22.4455 	EXP 	Created text_9 = TextStim(__class__=<class 'psychopy.visual.text.TextStim'>, alignHoriz=method-wrapper(...), alignText='center', alignVert=method-wrapper(...), anchorHoriz='center', anchorVert='center', antialias=True, autoDraw=False, autoLog=True, bold=False, color=array([1., 1., 1.]), colorSpace='rgb', contrast=1.0, depth=-10.0, flipHoriz=False, flipVert=False, font='Open Sans', fontFiles=[], height=0.05, italic=False, languageStyle='LTR', name='text_9', opacity=1.0, ori=0.0, pos=array([0., 0.]), rgb=UNKNOWN, text='Please alternate hand signal after each beep.', units='height', win=Window(...), wrapWidth=1)
22.4663 	EXP 	Sound sound_1 set volume 1.000
22.4832 	EXP 	Created text_8 = TextStim(__class__=<class 'psychopy.visual.text.TextStim'>, alignHoriz=method-wrapper(...), alignText='center', alignVert=method-wrapper(...), anchorHoriz='center', anchorVert='center', antialias=True, autoDraw=False, autoLog=True, bold=False, color=array([1., 1., 1.]), colorSpace='rgb', contrast=1.0, depth=-1.0, flipHoriz=False, flipVert=False, font='Open Sans', fontFiles=[], height=0.05, italic=False, languageStyle='LTR', name='text_8', opacity=1.0, ori=0.0, pos=array([0., 0.]), rgb=UNKNOWN, text="That's the end of the experiment. Thank you!", units='height', win=Window(...), wrapWidth=1)
22.5468 	EXP 	intro: autoDraw = True
31.9859 	DATA 	Mouse: Left button down, pos=(109,1126)
32.1015 	DATA 	Mouse:  Left button up, pos=(109,1126)
33.2866 	DATA 	Keypress: escape
34.1048 	EXP 	window1: mouseVisible = True
